2026-07-16 17:14:01 | INFO | ML | === RUN START ===
2026-07-16 17:14:01 | INFO | ML | project=ML
2026-07-16 17:14:01 | INFO | ML | repo_dir=ml-03-classification
2026-07-16 17:14:01 | INFO | ML | python=3.14.0
2026-07-16 17:14:01 | INFO | ML | os=Windows 11
2026-07-16 17:14:01 | INFO | ML | shell=powershell
2026-07-16 17:14:01 | INFO | ML | cwd=.
2026-07-16 17:14:01 | INFO | ML | github_actions=False
2026-07-16 17:14:01 | INFO | ML | === RUN START ===
2026-07-16 17:14:01 | INFO | ML | project=ML
2026-07-16 17:14:01 | INFO | ML | repo_dir=ml-03-classification
2026-07-16 17:14:01 | INFO | ML | python=3.14.0
2026-07-16 17:14:01 | INFO | ML | os=Windows 11
2026-07-16 17:14:01 | INFO | ML | shell=powershell
2026-07-16 17:14:01 | INFO | ML | cwd=.
2026-07-16 17:14:01 | INFO | ML | github_actions=False
2026-07-16 17:14:01 | INFO | ML | ========================
2026-07-16 17:14:01 | INFO | ML | START main()
2026-07-16 17:14:01 | INFO | ML | ========================
2026-07-16 17:14:01 | INFO | ML | Load dataset..............
2026-07-16 17:14:01 | INFO | ML | Loading dataset: hours_scores_case
2026-07-16 17:14:01 | INFO | ML | Loaded: 10 rows, 6 columns
2026-07-16 17:14:01 | DEBUG | ML | 
   hours_studied  practice_quizzes  attendance_pct  sleep_hours  prior_score  score
0            2.0                 1              72          6.0           58     62
1            3.5                 2              80          6.5           61     68
2            4.0                 3              85          7.0           64     72
3            5.0                 3              88          7.5           66     76
4            6.0                 4              90          7.0           70     81
2026-07-16 17:14:01 | INFO | ML | Inspect dataset...........
2026-07-16 17:14:01 | INFO | ML | Column names
2026-07-16 17:14:01 | DEBUG | ML | ['hours_studied', 'practice_quizzes', 'attendance_pct', 'sleep_hours', 'prior_score', 'score']
2026-07-16 17:14:01 | INFO | ML | DataFrame info
2026-07-16 17:14:01 | INFO | ML | Dataset shape: 10 rows, 6 columns
2026-07-16 17:14:01 | INFO | ML | Check data quality........
2026-07-16 17:14:01 | INFO | ML | Missing values by column
2026-07-16 17:14:01 | DEBUG | ML | 
hours_studied       0
practice_quizzes    0
attendance_pct      0
sleep_hours         0
prior_score         0
score               0
dtype: int64
2026-07-16 17:14:01 | INFO | ML | Duplicate row count: 0
2026-07-16 17:14:01 | INFO | ML | Create clean view.........
2026-07-16 17:14:01 | INFO | ML | Creating clean modeling view
2026-07-16 17:14:01 | INFO | ML | Clean view: 10 rows, 6 columns
2026-07-16 17:14:01 | INFO | ML | Train supervised model....
2026-07-16 17:14:01 | INFO | ML | Training LinearRegression model
2026-07-16 17:14:01 | INFO | ML | Mean absolute error: 0.48
2026-07-16 17:14:01 | INFO | ML | R-squared: 1.00
2026-07-16 17:14:01 | INFO | ML | Predict one case..........
2026-07-16 17:14:01 | INFO | ML | Predicting one new case
2026-07-16 17:14:01 | INFO | ML | New case:
   hours_studied  practice_quizzes  attendance_pct  sleep_hours  prior_score
0            6.5                 4              92          7.0           72
2026-07-16 17:14:01 | INFO | ML | Predicted score: 83.4
2026-07-16 17:14:01 | INFO | ML | Create charts.............
2026-07-16 17:14:01 | INFO | ML | Creating chart: hours studied vs score
2026-07-16 17:14:03 | INFO | ML | Creating chart: model coefficients
2026-07-16 17:14:03 | INFO | ML | Got a figure Figure(900x500) and axes Axes(0.125,0.11;0.775x0.77) from plt.subplots().
2026-07-16 17:14:03 | INFO | ML | Summarize workflow........
2026-07-16 17:14:03 | INFO | ML | ========================
2026-07-16 17:14:03 | INFO | ML | SUMMARY
2026-07-16 17:14:03 | INFO | ML | ========================
2026-07-16 17:14:03 | INFO | ML | Dataset: hours_scores_case
2026-07-16 17:14:03 | INFO | ML | Original rows: 10
2026-07-16 17:14:03 | INFO | ML | Clean rows: 10
2026-07-16 17:14:03 | INFO | ML | Features: ['hours_studied', 'practice_quizzes', 'attendance_pct', 'sleep_hours', 'prior_score']
2026-07-16 17:14:03 | INFO | ML | Target: score
2026-07-16 17:14:03 | INFO | ML | ----- in a script, call plt.show() once at the end to display all charts -----
2026-07-16 17:14:03 | INFO | ML | ----- in a script, CLOSE the chart windows with the close button to CONTINUE -----
2026-07-16 17:14:08 | INFO | ML | Workflow complete
2026-07-16 17:14:08 | INFO | ML | IMPORTANT: This script creates chart windows.
2026-07-16 17:14:08 | INFO | ML | Close chart windows and terminate this process with CTRL+c as needed.
2026-07-16 17:14:08 | INFO | ML | ========================
2026-07-16 17:14:08 | INFO | ML | Executed successfully!
2026-07-16 17:14:08 | INFO | ML | ========================
2026-07-16 17:14:28 | INFO | M03 | === RUN START ===
2026-07-16 17:14:28 | INFO | M03 | project=M03
2026-07-16 17:14:28 | INFO | M03 | repo_dir=ml-03-classification
2026-07-16 17:14:28 | INFO | M03 | python=3.14.0
2026-07-16 17:14:28 | INFO | M03 | os=Windows 11
2026-07-16 17:14:28 | INFO | M03 | shell=powershell
2026-07-16 17:14:28 | INFO | M03 | cwd=notebooks
2026-07-16 17:14:28 | INFO | M03 | github_actions=False
2026-07-16 17:14:28 | INFO | M03 | Confirming installation:
2026-07-16 17:14:28 | INFO | M03 |   python:       3.14.0
2026-07-16 17:14:28 | INFO | M03 |   pandas:       3.0.3
2026-07-16 17:14:28 | INFO | M03 |   numpy:        2.5.1
2026-07-16 17:14:28 | INFO | M03 |   scikit-learn: 1.9.0
2026-07-16 17:14:28 | INFO | M03 |   seaborn:      0.13.2
2026-07-16 17:14:28 | INFO | M03 |   matplotlib:   3.11.0
2026-07-16 17:14:28 | INFO | M03 | Loading dataset: penguins
2026-07-16 17:14:28 | INFO | M03 | Loaded: 344 rows (instances), 7 columns
2026-07-16 17:14:28 | INFO | M03 | Original rows: 344
2026-07-16 17:14:28 | INFO | M03 | Model rows:    342
2026-07-16 17:14:28 | INFO | M03 | Classes in target 'species': ['Adelie', 'Chinstrap', 'Gentoo']
2026-07-16 17:14:28 | DEBUG | M03 | Class counts:
species
Adelie       151
Gentoo       123
Chinstrap     68
Name: count, dtype: int64
2026-07-16 17:14:28 | INFO | M03 | Train instances: 273
2026-07-16 17:14:28 | INFO | M03 | Test instances: 69
2026-07-16 17:14:28 | INFO | M03 | Fitting DecisionTreeClassifier(max_depth=3)
2026-07-16 17:14:28 | INFO | M03 | Test accuracy: 0.986
2026-07-16 17:14:28 | INFO | M03 | Per-class precision / recall / F1:
2026-07-16 17:14:28 | DEBUG | M03 | 
              precision    recall  f1-score   support

      Adelie       0.97      1.00      0.98        30
   Chinstrap       1.00      0.93      0.96        14
      Gentoo       1.00      1.00      1.00        25

    accuracy                           0.99        69
   macro avg       0.99      0.98      0.98        69
weighted avg       0.99      0.99      0.99        69

2026-07-16 17:14:28 | INFO | M03 | Showing confusion matrix (rows = actual, cols = predicted)
2026-07-16 17:14:28 | DEBUG | M03 |   depth= 1  train=0.791  test=0.797
2026-07-16 17:14:28 | DEBUG | M03 |   depth= 2  train=0.960  test=0.986
2026-07-16 17:14:28 | DEBUG | M03 |   depth= 3  train=0.967  test=0.986
2026-07-16 17:14:28 | DEBUG | M03 |   depth= 4  train=0.989  test=1.000
2026-07-16 17:14:28 | DEBUG | M03 |   depth= 5  train=0.996  test=1.000
2026-07-16 17:14:28 | DEBUG | M03 |   depth= 6  train=0.996  test=1.000
2026-07-16 17:14:28 | DEBUG | M03 |   depth= 7  train=1.000  test=1.000
2026-07-16 17:14:28 | DEBUG | M03 |   depth= 8  train=1.000  test=1.000
2026-07-16 17:14:28 | DEBUG | M03 |   depth= 9  train=1.000  test=1.000
2026-07-16 17:14:28 | DEBUG | M03 |   depth=10  train=1.000  test=1.000
2026-07-16 17:14:28 | DEBUG | M03 |   depth=11  train=1.000  test=1.000
2026-07-16 17:14:28 | DEBUG | M03 |   depth=12  train=1.000  test=1.000
2026-07-16 17:14:29 | INFO | M03 | ========================
2026-07-16 17:14:29 | INFO | M03 | SUMMARY
2026-07-16 17:14:29 | INFO | M03 | ========================
2026-07-16 17:14:29 | INFO | M03 | Dataset:   penguins
2026-07-16 17:14:29 | INFO | M03 | Target:    species  (classification)
2026-07-16 17:14:29 | INFO | M03 | Features:  ['bill_length_mm', 'bill_depth_mm', 'flipper_length_mm', 'body_mass_g']
2026-07-16 17:14:29 | INFO | M03 | Model:     DecisionTreeClassifier(max_depth=3)
2026-07-16 17:14:29 | INFO | M03 | ========================
2026-07-16 21:08:29 | INFO | ML | === RUN START ===
2026-07-16 21:08:29 | INFO | ML | project=ML
2026-07-16 21:08:29 | INFO | ML | repo_dir=ml-03-classification
2026-07-16 21:08:29 | INFO | ML | python=3.14.0
2026-07-16 21:08:29 | INFO | ML | os=Windows 11
2026-07-16 21:08:29 | INFO | ML | shell=powershell
2026-07-16 21:08:29 | INFO | ML | cwd=.
2026-07-16 21:08:29 | INFO | ML | github_actions=False
2026-07-16 21:08:29 | INFO | ML | === RUN START ===
2026-07-16 21:08:29 | INFO | ML | project=ML
2026-07-16 21:08:29 | INFO | ML | repo_dir=ml-03-classification
2026-07-16 21:08:29 | INFO | ML | python=3.14.0
2026-07-16 21:08:29 | INFO | ML | os=Windows 11
2026-07-16 21:08:29 | INFO | ML | shell=powershell
2026-07-16 21:08:29 | INFO | ML | cwd=.
2026-07-16 21:08:29 | INFO | ML | github_actions=False
2026-07-16 21:08:29 | INFO | ML | ========================
2026-07-16 21:08:29 | INFO | ML | START main()
2026-07-16 21:08:29 | INFO | ML | ========================
2026-07-16 21:08:29 | INFO | ML | Load dataset..............
2026-07-16 21:08:29 | INFO | ML | Loading dataset: hours_scores_case
2026-07-16 21:08:29 | INFO | ML | Loaded: 10 rows, 6 columns
2026-07-16 21:08:29 | DEBUG | ML | 
   hours_studied  practice_quizzes  attendance_pct  sleep_hours  prior_score  score
0            2.0                 1              72          6.0           58     62
1            3.5                 2              80          6.5           61     68
2            4.0                 3              85          7.0           64     72
3            5.0                 3              88          7.5           66     76
4            6.0                 4              90          7.0           70     81
2026-07-16 21:08:29 | INFO | ML | Derive target.............
2026-07-16 21:08:29 | INFO | ML | Deriving target: passed = score >= 75
2026-07-16 21:08:29 | INFO | ML | Class balance:
passed
pass    6
fail    4
Name: count, dtype: int64
2026-07-16 21:08:29 | DEBUG | ML | 
   score passed
0     62   fail
1     68   fail
2     72   fail
3     76   pass
4     81   pass
5     87   pass
6     91   pass
7     59   fail
8     95   pass
9     83   pass
2026-07-16 21:08:29 | INFO | ML | Inspect dataset...........
2026-07-16 21:08:29 | INFO | ML | Column names
2026-07-16 21:08:29 | DEBUG | ML | ['hours_studied', 'practice_quizzes', 'attendance_pct', 'sleep_hours', 'prior_score', 'score', 'passed']
2026-07-16 21:08:29 | INFO | ML | DataFrame info
2026-07-16 21:08:29 | INFO | ML | Dataset shape: 10 rows, 7 columns
2026-07-16 21:08:29 | INFO | ML | Check data quality........
2026-07-16 21:08:29 | INFO | ML | Missing values by column
2026-07-16 21:08:29 | DEBUG | ML | 
hours_studied       0
practice_quizzes    0
attendance_pct      0
sleep_hours         0
prior_score         0
score               0
passed              0
dtype: int64
2026-07-16 21:08:29 | INFO | ML | Duplicate row count: 0
2026-07-16 21:08:29 | INFO | ML | Create clean view.........
2026-07-16 21:08:29 | INFO | ML | Creating clean modeling view
2026-07-16 21:08:29 | INFO | ML | Clean view: 10 rows, 6 columns
2026-07-16 21:08:29 | INFO | ML | Train supervised model....
2026-07-16 21:08:29 | INFO | ML | Training DecisionTreeClassifier model
2026-07-16 21:08:29 | INFO | ML | Accuracy: 0.67
2026-07-16 21:08:29 | INFO | ML | Confusion matrix (rows=true, cols=predicted)
2026-07-16 21:08:29 | INFO | ML | 
[[0 1]
 [0 2]]
2026-07-16 21:08:29 | INFO | ML | Classification report
2026-07-16 21:08:29 | INFO | ML | 
              precision    recall  f1-score   support

        fail       0.00      0.00      0.00         1
        pass       0.67      1.00      0.80         2

    accuracy                           0.67         3
   macro avg       0.33      0.50      0.40         3
weighted avg       0.44      0.67      0.53         3

2026-07-16 21:08:29 | INFO | ML | Predict one case..........
2026-07-16 21:08:29 | INFO | ML | Predicting one new case
2026-07-16 21:08:29 | INFO | ML | New case:
   hours_studied  practice_quizzes  attendance_pct  sleep_hours  prior_score
0            6.5                 4              92          7.0           72
2026-07-16 21:08:29 | INFO | ML | Predicted result: pass
2026-07-16 21:08:29 | INFO | ML | Create charts.............
2026-07-16 21:08:29 | INFO | ML | Creating chart: hours studied vs prior score by result
2026-07-16 21:08:29 | INFO | ML | Creating chart: confusion matrix heatmap
2026-07-16 21:08:30 | INFO | ML | Summarize workflow........
2026-07-16 21:08:30 | INFO | ML | ========================
2026-07-16 21:08:30 | INFO | ML | SUMMARY
2026-07-16 21:08:30 | INFO | ML | ========================
2026-07-16 21:08:30 | INFO | ML | Dataset: hours_scores_case
2026-07-16 21:08:30 | INFO | ML | Original rows: 10
2026-07-16 21:08:30 | INFO | ML | Clean rows: 10
2026-07-16 21:08:30 | INFO | ML | Features: ['hours_studied', 'practice_quizzes', 'attendance_pct', 'sleep_hours', 'prior_score']
2026-07-16 21:08:30 | INFO | ML | Target: passed (pass = score >= 75)
2026-07-16 21:08:30 | INFO | ML | Class balance:
passed
pass    6
fail    4
Name: count, dtype: int64
2026-07-16 21:08:30 | INFO | ML | ----- in a script, call plt.show() once at the end to display all charts -----
2026-07-16 21:08:30 | INFO | ML | ----- in a script, CLOSE the chart windows with the close button to CONTINUE -----
2026-07-16 21:08:30 | INFO | ML | Workflow complete
2026-07-16 21:08:30 | INFO | ML | IMPORTANT: This script creates chart windows.
2026-07-16 21:08:30 | INFO | ML | Close chart windows and terminate this process with CTRL+c as needed.
2026-07-16 21:08:30 | INFO | ML | ========================
2026-07-16 21:08:30 | INFO | ML | Executed successfully!
2026-07-16 21:08:30 | INFO | ML | ========================
2026-07-16 21:10:30 | INFO | ML | === RUN START ===
2026-07-16 21:10:30 | INFO | ML | project=ML
2026-07-16 21:10:30 | INFO | ML | repo_dir=ml-03-classification
2026-07-16 21:10:30 | INFO | ML | python=3.14.0
2026-07-16 21:10:30 | INFO | ML | os=Windows 11
2026-07-16 21:10:30 | INFO | ML | shell=powershell
2026-07-16 21:10:30 | INFO | ML | cwd=.
2026-07-16 21:10:30 | INFO | ML | github_actions=False
2026-07-16 21:12:19 | INFO | ML | === RUN START ===
2026-07-16 21:12:19 | INFO | ML | project=ML
2026-07-16 21:12:19 | INFO | ML | repo_dir=ml-03-classification
2026-07-16 21:12:19 | INFO | ML | python=3.14.0
2026-07-16 21:12:19 | INFO | ML | os=Windows 11
2026-07-16 21:12:19 | INFO | ML | shell=powershell
2026-07-16 21:12:19 | INFO | ML | cwd=.
2026-07-16 21:12:19 | INFO | ML | github_actions=False
2026-07-16 21:29:50 | INFO | ML | === RUN START ===
2026-07-16 21:29:50 | INFO | ML | project=ML
2026-07-16 21:29:50 | INFO | ML | repo_dir=ml-03-classification
2026-07-16 21:29:50 | INFO | ML | python=3.14.0
2026-07-16 21:29:50 | INFO | ML | os=Windows 11
2026-07-16 21:29:50 | INFO | ML | shell=powershell
2026-07-16 21:29:50 | INFO | ML | cwd=.
2026-07-16 21:29:50 | INFO | ML | github_actions=False
2026-07-16 21:29:50 | INFO | ML | === RUN START ===
2026-07-16 21:29:50 | INFO | ML | project=ML
2026-07-16 21:29:50 | INFO | ML | repo_dir=ml-03-classification
2026-07-16 21:29:50 | INFO | ML | python=3.14.0
2026-07-16 21:29:50 | INFO | ML | os=Windows 11
2026-07-16 21:29:50 | INFO | ML | shell=powershell
2026-07-16 21:29:50 | INFO | ML | cwd=.
2026-07-16 21:29:50 | INFO | ML | github_actions=False
2026-07-16 21:29:50 | INFO | ML | ========================
2026-07-16 21:29:50 | INFO | ML | START main()
2026-07-16 21:29:50 | INFO | ML | ========================
2026-07-16 21:29:50 | INFO | ML | Load dataset..............
2026-07-16 21:29:50 | INFO | ML | Loading dataset: hours_scores_case
2026-07-16 21:29:50 | INFO | ML | Loaded: 10 rows, 6 columns
2026-07-16 21:29:50 | DEBUG | ML | 
   hours_studied  practice_quizzes  attendance_pct  sleep_hours  prior_score  score
0            2.0                 1              72          6.0           58     62
1            3.5                 2              80          6.5           61     68
2            4.0                 3              85          7.0           64     72
3            5.0                 3              88          7.5           66     76
4            6.0                 4              90          7.0           70     81
2026-07-16 21:29:50 | INFO | ML | Inspect dataset...........
2026-07-16 21:29:50 | INFO | ML | Column names
2026-07-16 21:29:50 | DEBUG | ML | ['hours_studied', 'practice_quizzes', 'attendance_pct', 'sleep_hours', 'prior_score', 'score']
2026-07-16 21:29:50 | INFO | ML | DataFrame info
2026-07-16 21:29:50 | INFO | ML | Dataset shape: 10 rows, 6 columns
2026-07-16 21:29:50 | INFO | ML | Check data quality........
2026-07-16 21:29:50 | INFO | ML | Missing values by column
2026-07-16 21:29:50 | DEBUG | ML | 
hours_studied       0
practice_quizzes    0
attendance_pct      0
sleep_hours         0
prior_score         0
score               0
dtype: int64
2026-07-16 21:29:50 | INFO | ML | Duplicate row count: 0
2026-07-16 21:29:50 | INFO | ML | Create clean view.........
2026-07-16 21:29:50 | INFO | ML | Creating clean modeling view
2026-07-16 21:29:50 | INFO | ML | Clean view: 10 rows, 6 columns
2026-07-16 21:29:50 | INFO | ML | Train supervised model....
2026-07-16 21:29:50 | INFO | ML | Training LinearRegression model
2026-07-16 21:29:50 | INFO | ML | Mean absolute error: 0.48
2026-07-16 21:29:50 | INFO | ML | R-squared: 1.00
2026-07-16 21:29:50 | INFO | ML | Predict one case..........
2026-07-16 21:29:50 | INFO | ML | Predicting one new case
2026-07-16 21:29:50 | INFO | ML | New case:
   hours_studied  practice_quizzes  attendance_pct  sleep_hours  prior_score
0            6.5                 4              92          7.0           72
2026-07-16 21:29:50 | INFO | ML | Predicted score: 83.4
2026-07-16 21:29:50 | INFO | ML | Create charts.............
2026-07-16 21:29:50 | INFO | ML | Creating chart: hours studied vs score
2026-07-16 21:29:50 | INFO | ML | Creating chart: model coefficients
2026-07-16 21:29:50 | INFO | ML | Got a figure Figure(900x500) and axes Axes(0.125,0.11;0.775x0.77) from plt.subplots().
2026-07-16 21:29:50 | INFO | ML | Summarize workflow........
2026-07-16 21:29:50 | INFO | ML | ========================
2026-07-16 21:29:50 | INFO | ML | SUMMARY
2026-07-16 21:29:50 | INFO | ML | ========================
2026-07-16 21:29:50 | INFO | ML | Dataset: hours_scores_case
2026-07-16 21:29:50 | INFO | ML | Original rows: 10
2026-07-16 21:29:50 | INFO | ML | Clean rows: 10
2026-07-16 21:29:50 | INFO | ML | Features: ['hours_studied', 'practice_quizzes', 'attendance_pct', 'sleep_hours', 'prior_score']
2026-07-16 21:29:50 | INFO | ML | Target: score
2026-07-16 21:29:50 | INFO | ML | ----- in a script, call plt.show() once at the end to display all charts -----
2026-07-16 21:29:50 | INFO | ML | ----- in a script, CLOSE the chart windows with the close button to CONTINUE -----
2026-07-16 21:29:50 | INFO | ML | Workflow complete
2026-07-16 21:29:50 | INFO | ML | IMPORTANT: This script creates chart windows.
2026-07-16 21:29:50 | INFO | ML | Close chart windows and terminate this process with CTRL+c as needed.
2026-07-16 21:29:50 | INFO | ML | ========================
2026-07-16 21:29:50 | INFO | ML | Executed successfully!
2026-07-16 21:29:50 | INFO | ML | ========================
2026-07-16 21:40:50 | INFO | ML | === RUN START ===
2026-07-16 21:40:50 | INFO | ML | project=ML
2026-07-16 21:40:50 | INFO | ML | repo_dir=ml-03-classification
2026-07-16 21:40:50 | INFO | ML | python=3.14.0
2026-07-16 21:40:50 | INFO | ML | os=Windows 11
2026-07-16 21:40:50 | INFO | ML | shell=powershell
2026-07-16 21:40:50 | INFO | ML | cwd=.
2026-07-16 21:40:50 | INFO | ML | github_actions=False
2026-07-16 21:40:50 | INFO | ML | === RUN START ===
2026-07-16 21:40:50 | INFO | ML | project=ML
2026-07-16 21:40:50 | INFO | ML | repo_dir=ml-03-classification
2026-07-16 21:40:50 | INFO | ML | python=3.14.0
2026-07-16 21:40:50 | INFO | ML | os=Windows 11
2026-07-16 21:40:50 | INFO | ML | shell=powershell
2026-07-16 21:40:50 | INFO | ML | cwd=.
2026-07-16 21:40:50 | INFO | ML | github_actions=False
2026-07-16 21:40:50 | INFO | ML | ========================
2026-07-16 21:40:50 | INFO | ML | START main()
2026-07-16 21:40:50 | INFO | ML | ========================
2026-07-16 21:40:50 | INFO | ML | Load dataset..............
2026-07-16 21:40:50 | INFO | ML | Loading dataset: hours_scores_case
2026-07-16 21:40:50 | INFO | ML | Loaded: 10 rows, 6 columns
2026-07-16 21:40:50 | DEBUG | ML | 
   hours_studied  practice_quizzes  attendance_pct  sleep_hours  prior_score  score
0            2.0                 1              72          6.0           58     62
1            3.5                 2              80          6.5           61     68
2            4.0                 3              85          7.0           64     72
3            5.0                 3              88          7.5           66     76
4            6.0                 4              90          7.0           70     81
2026-07-16 21:40:50 | INFO | ML | Derive target.............
2026-07-16 21:40:50 | INFO | ML | Deriving target: passed = score >= 75
2026-07-16 21:40:50 | INFO | ML | Class balance:
passed
pass    6
fail    4
Name: count, dtype: int64
2026-07-16 21:40:50 | DEBUG | ML | 
   score passed
0     62   fail
1     68   fail
2     72   fail
3     76   pass
4     81   pass
5     87   pass
6     91   pass
7     59   fail
8     95   pass
9     83   pass
2026-07-16 21:40:50 | INFO | ML | Inspect dataset...........
2026-07-16 21:40:50 | INFO | ML | Column names
2026-07-16 21:40:50 | DEBUG | ML | ['hours_studied', 'practice_quizzes', 'attendance_pct', 'sleep_hours', 'prior_score', 'score', 'passed']
2026-07-16 21:40:50 | INFO | ML | DataFrame info
2026-07-16 21:40:50 | INFO | ML | Dataset shape: 10 rows, 7 columns
2026-07-16 21:40:50 | INFO | ML | Check data quality........
2026-07-16 21:40:50 | INFO | ML | Missing values by column
2026-07-16 21:40:50 | DEBUG | ML | 
hours_studied       0
practice_quizzes    0
attendance_pct      0
sleep_hours         0
prior_score         0
score               0
passed              0
dtype: int64
2026-07-16 21:40:50 | INFO | ML | Duplicate row count: 0
2026-07-16 21:40:50 | INFO | ML | Create clean view.........
2026-07-16 21:40:50 | INFO | ML | Creating clean modeling view
2026-07-16 21:40:50 | INFO | ML | Clean view: 10 rows, 6 columns
2026-07-16 21:40:50 | INFO | ML | Train supervised model....
2026-07-16 21:40:50 | INFO | ML | Training DecisionTreeClassifier model
2026-07-16 21:40:50 | INFO | ML | Accuracy: 0.67
2026-07-16 21:40:50 | INFO | ML | Confusion matrix (rows=true, cols=predicted)
2026-07-16 21:40:50 | INFO | ML | 
[[0 1]
 [0 2]]
2026-07-16 21:40:50 | INFO | ML | Classification report
2026-07-16 21:40:50 | INFO | ML | 
              precision    recall  f1-score   support

        fail       0.00      0.00      0.00         1
        pass       0.67      1.00      0.80         2

    accuracy                           0.67         3
   macro avg       0.33      0.50      0.40         3
weighted avg       0.44      0.67      0.53         3

2026-07-16 21:40:50 | INFO | ML | Predict one case..........
2026-07-16 21:40:50 | INFO | ML | Predicting one new case
2026-07-16 21:40:50 | INFO | ML | New case:
   hours_studied  practice_quizzes  attendance_pct  sleep_hours  prior_score
0            6.5                 4              92          7.0           72
2026-07-16 21:40:50 | INFO | ML | Predicted result: pass
2026-07-16 21:40:50 | INFO | ML | Create charts.............
2026-07-16 21:40:50 | INFO | ML | Creating chart: hours studied vs prior score by result
2026-07-16 21:40:52 | INFO | ML | Creating chart: confusion matrix heatmap
2026-07-16 21:40:52 | INFO | ML | Summarize workflow........
2026-07-16 21:40:52 | INFO | ML | ========================
2026-07-16 21:40:52 | INFO | ML | SUMMARY
2026-07-16 21:40:52 | INFO | ML | ========================
2026-07-16 21:40:52 | INFO | ML | Dataset: hours_scores_case
2026-07-16 21:40:52 | INFO | ML | Original rows: 10
2026-07-16 21:40:52 | INFO | ML | Clean rows: 10
2026-07-16 21:40:52 | INFO | ML | Features: ['hours_studied', 'practice_quizzes', 'attendance_pct', 'sleep_hours', 'prior_score']
2026-07-16 21:40:52 | INFO | ML | Target: passed (pass = score >= 75)
2026-07-16 21:40:52 | INFO | ML | Class balance:
passed
pass    6
fail    4
Name: count, dtype: int64
2026-07-16 21:40:52 | INFO | ML | ----- in a script, call plt.show() once at the end to display all charts -----
2026-07-16 21:40:52 | INFO | ML | ----- in a script, CLOSE the chart windows with the close button to CONTINUE -----
2026-07-16 21:40:59 | INFO | ML | Workflow complete
2026-07-16 21:40:59 | INFO | ML | IMPORTANT: This script creates chart windows.
2026-07-16 21:40:59 | INFO | ML | Close chart windows and terminate this process with CTRL+c as needed.
2026-07-16 21:40:59 | INFO | ML | ========================
2026-07-16 21:40:59 | INFO | ML | Executed successfully!
2026-07-16 21:40:59 | INFO | ML | ========================
2026-07-16 22:10:28 | INFO | ML | === RUN START ===
2026-07-16 22:10:28 | INFO | ML | project=ML
2026-07-16 22:10:28 | INFO | ML | repo_dir=ml-03-classification
2026-07-16 22:10:28 | INFO | ML | python=3.14.0
2026-07-16 22:10:28 | INFO | ML | os=Windows 11
2026-07-16 22:10:28 | INFO | ML | shell=powershell
2026-07-16 22:10:28 | INFO | ML | cwd=.
2026-07-16 22:10:28 | INFO | ML | github_actions=False
2026-07-16 22:10:28 | INFO | ML | === RUN START ===
2026-07-16 22:10:28 | INFO | ML | project=ML
2026-07-16 22:10:28 | INFO | ML | repo_dir=ml-03-classification
2026-07-16 22:10:28 | INFO | ML | python=3.14.0
2026-07-16 22:10:28 | INFO | ML | os=Windows 11
2026-07-16 22:10:28 | INFO | ML | shell=powershell
2026-07-16 22:10:28 | INFO | ML | cwd=.
2026-07-16 22:10:28 | INFO | ML | github_actions=False
2026-07-16 22:10:28 | INFO | ML | ========================
2026-07-16 22:10:28 | INFO | ML | START main()
2026-07-16 22:10:28 | INFO | ML | ========================
2026-07-16 22:10:28 | INFO | ML | Load dataset..............
2026-07-16 22:10:28 | INFO | ML | Loading dataset: mushrooms
2026-07-16 22:10:29 | INFO | ML | Loaded: 8124 rows, 23 columns
2026-07-16 22:10:29 | DEBUG | ML | 
  class cap_shape cap_surface cap_color bruises odor gill_attachment gill_spacing gill_size gill_color stalk_shape  \
0     p         x           s         n       t    p               f            c         n          k           e   
1     e         x           s         y       t    a               f            c         b          k           e   
2     e         b           s         w       t    l               f            c         b          n           e   
3     p         x           y         w       t    p               f            c         n          n           e   
4     e         x           s         g       f    n               f            w         b          k           t   

  stalk_root stalk_surface_above_ring stalk_surface_below_ring stalk_color_above_ring stalk_color_below_ring  \
0          e                        s                        s                      w                      w   
1          c                        s                        s                      w                      w   
2          c                        s                        s                      w                      w   
3          e                        s                        s                      w                      w   
4          e                        s                        s                      w                      w   

  veil_type veil_color ring_number ring_type spore_print_color population habitat  
0         p          w           o         p                 k          s       u  
1         p          w           o         p                 n          n       g  
2         p          w           o         p                 n          n       m  
3         p          w           o         p                 k          s       u  
4         p          w           o         e                 n          a       g  
2026-07-16 22:10:29 | INFO | ML | Inspect dataset...........
2026-07-16 22:10:29 | INFO | ML | Column names
2026-07-16 22:10:29 | DEBUG | ML | ['class', 'cap_shape', 'cap_surface', 'cap_color', 'bruises', 'odor', 'gill_attachment', 'gill_spacing', 'gill_size', 'gill_color', 'stalk_shape', 'stalk_root', 'stalk_surface_above_ring', 'stalk_surface_below_ring', 'stalk_color_above_ring', 'stalk_color_below_ring', 'veil_type', 'veil_color', 'ring_number', 'ring_type', 'spore_print_color', 'population', 'habitat']
2026-07-16 22:10:29 | INFO | ML | Dataset shape: 8124 rows, 23 columns
2026-07-16 22:10:29 | INFO | ML | Class balance:
class
e    4208
p    3916
Name: count, dtype: int64
2026-07-16 22:10:29 | INFO | ML | Check data quality........
2026-07-16 22:10:29 | INFO | ML | Missing values by column (as NaN)
2026-07-16 22:10:29 | DEBUG | ML | 
class                       0
cap_shape                   0
cap_surface                 0
cap_color                   0
bruises                     0
odor                        0
gill_attachment             0
gill_spacing                0
gill_size                   0
gill_color                  0
stalk_shape                 0
stalk_root                  0
stalk_surface_above_ring    0
stalk_surface_below_ring    0
stalk_color_above_ring      0
stalk_color_below_ring      0
veil_type                   0
veil_color                  0
ring_number                 0
ring_type                   0
spore_print_color           0
population                  0
habitat                     0
dtype: int64
2026-07-16 22:10:29 | INFO | ML | Cells coded '?' (missing): 2480
2026-07-16 22:10:29 | INFO | ML | Duplicate row count: 0
2026-07-16 22:10:29 | INFO | ML | Encode features...........
2026-07-16 22:10:29 | INFO | ML | Creating encoded modeling view
2026-07-16 22:10:29 | INFO | ML | Encoded view: 8124 rows, 22 features -> 117 one-hot columns
2026-07-16 22:10:29 | INFO | ML | Compare models (all features)....
2026-07-16 22:10:29 | INFO | ML | ========================
2026-07-16 22:10:29 | INFO | ML | COMPARE MODELS: all features
2026-07-16 22:10:29 | INFO | ML | ========================
2026-07-16 22:10:29 | INFO | ML | --- Decision Tree ---
2026-07-16 22:10:29 | INFO | ML | Decision Tree accuracy: 1.0000
2026-07-16 22:10:29 | INFO | ML | Decision Tree confusion matrix (rows=true, cols=predicted)
2026-07-16 22:10:29 | INFO | ML | 
[[1263    0]
 [   0 1175]]
2026-07-16 22:10:29 | INFO | ML | Decision Tree classification report
2026-07-16 22:10:29 | INFO | ML | 
              precision    recall  f1-score   support

      edible       1.00      1.00      1.00      1263
   poisonous       1.00      1.00      1.00      1175

    accuracy                           1.00      2438
   macro avg       1.00      1.00      1.00      2438
weighted avg       1.00      1.00      1.00      2438

2026-07-16 22:10:29 | INFO | ML | --- Random Forest ---
2026-07-16 22:10:29 | INFO | ML | Random Forest accuracy: 1.0000
2026-07-16 22:10:29 | INFO | ML | Random Forest confusion matrix (rows=true, cols=predicted)
2026-07-16 22:10:30 | INFO | ML | 
[[1263    0]
 [   0 1175]]
2026-07-16 22:10:30 | INFO | ML | Random Forest classification report
2026-07-16 22:10:30 | INFO | ML | 
              precision    recall  f1-score   support

      edible       1.00      1.00      1.00      1263
   poisonous       1.00      1.00      1.00      1175

    accuracy                           1.00      2438
   macro avg       1.00      1.00      1.00      2438
weighted avg       1.00      1.00      1.00      2438

2026-07-16 22:10:30 | INFO | ML | Compare models (without odor)....
2026-07-16 22:10:30 | INFO | ML | Dropping 9 one-hot columns from 'odor'
2026-07-16 22:10:30 | INFO | ML | ========================
2026-07-16 22:10:30 | INFO | ML | COMPARE MODELS: without odor
2026-07-16 22:10:30 | INFO | ML | ========================
2026-07-16 22:10:30 | INFO | ML | --- Decision Tree ---
2026-07-16 22:10:30 | INFO | ML | Decision Tree accuracy: 1.0000
2026-07-16 22:10:30 | INFO | ML | Decision Tree confusion matrix (rows=true, cols=predicted)
2026-07-16 22:10:30 | INFO | ML | 
[[1263    0]
 [   0 1175]]
2026-07-16 22:10:30 | INFO | ML | Decision Tree classification report
2026-07-16 22:10:30 | INFO | ML | 
              precision    recall  f1-score   support

      edible       1.00      1.00      1.00      1263
   poisonous       1.00      1.00      1.00      1175

    accuracy                           1.00      2438
   macro avg       1.00      1.00      1.00      2438
weighted avg       1.00      1.00      1.00      2438

2026-07-16 22:10:30 | INFO | ML | --- Random Forest ---
2026-07-16 22:10:30 | INFO | ML | Random Forest accuracy: 1.0000
2026-07-16 22:10:30 | INFO | ML | Random Forest confusion matrix (rows=true, cols=predicted)
2026-07-16 22:10:30 | INFO | ML | 
[[1263    0]
 [   0 1175]]
2026-07-16 22:10:30 | INFO | ML | Random Forest classification report
2026-07-16 22:10:30 | INFO | ML | 
              precision    recall  f1-score   support

      edible       1.00      1.00      1.00      1263
   poisonous       1.00      1.00      1.00      1175

    accuracy                           1.00      2438
   macro avg       1.00      1.00      1.00      2438
weighted avg       1.00      1.00      1.00      2438

2026-07-16 22:10:30 | INFO | ML | Predict one case..........
2026-07-16 22:10:30 | INFO | ML | Predicting one new case
2026-07-16 22:10:30 | INFO | ML | Predicted result for the sample mushroom: poisonous
2026-07-16 22:10:30 | INFO | ML | Create charts.............
2026-07-16 22:10:30 | INFO | ML | Creating chart: top 10 random forest feature importances
2026-07-16 22:10:30 | INFO | ML | Creating chart: accuracy comparison
2026-07-16 22:10:31 | INFO | ML | Summarize workflow........
2026-07-16 22:10:31 | INFO | ML | ========================
2026-07-16 22:10:31 | INFO | ML | SUMMARY
2026-07-16 22:10:31 | INFO | ML | ========================
2026-07-16 22:10:31 | INFO | ML | Dataset: mushrooms
2026-07-16 22:10:31 | INFO | ML | Rows: 8124
2026-07-16 22:10:31 | INFO | ML | Target: class (edible vs poisonous)
2026-07-16 22:10:31 | INFO | ML | All features  | Decision Tree: 1.0000
2026-07-16 22:10:31 | INFO | ML | All features  | Random Forest: 1.0000
2026-07-16 22:10:31 | INFO | ML | Without odor  | Decision Tree: 1.0000
2026-07-16 22:10:31 | INFO | ML | Without odor  | Random Forest: 1.0000
2026-07-16 22:10:31 | INFO | ML | ----- in a script, call plt.show() once at the end to display all charts -----
2026-07-16 22:10:31 | INFO | ML | ----- in a script, CLOSE the chart windows with the close button to CONTINUE -----
2026-07-16 22:10:31 | INFO | ML | Workflow complete
2026-07-16 22:10:31 | INFO | ML | IMPORTANT: This script creates chart windows.
2026-07-16 22:10:31 | INFO | ML | Close chart windows and terminate this process with CTRL+c as needed.
2026-07-16 22:10:31 | INFO | ML | ========================
2026-07-16 22:10:31 | INFO | ML | Executed successfully!
2026-07-16 22:10:31 | INFO | ML | ========================
2026-07-16 22:13:01 | INFO | ML | === RUN START ===
2026-07-16 22:13:01 | INFO | ML | project=ML
2026-07-16 22:13:01 | INFO | ML | repo_dir=ml-03-classification
2026-07-16 22:13:01 | INFO | ML | python=3.14.0
2026-07-16 22:13:01 | INFO | ML | os=Windows 11
2026-07-16 22:13:01 | INFO | ML | shell=powershell
2026-07-16 22:13:01 | INFO | ML | cwd=.
2026-07-16 22:13:01 | INFO | ML | github_actions=False
2026-07-16 22:13:01 | INFO | ML | === RUN START ===
2026-07-16 22:13:01 | INFO | ML | project=ML
2026-07-16 22:13:01 | INFO | ML | repo_dir=ml-03-classification
2026-07-16 22:13:01 | INFO | ML | python=3.14.0
2026-07-16 22:13:01 | INFO | ML | os=Windows 11
2026-07-16 22:13:01 | INFO | ML | shell=powershell
2026-07-16 22:13:01 | INFO | ML | cwd=.
2026-07-16 22:13:01 | INFO | ML | github_actions=False
2026-07-16 22:13:01 | INFO | ML | ========================
2026-07-16 22:13:01 | INFO | ML | START main()
2026-07-16 22:13:01 | INFO | ML | ========================
2026-07-16 22:13:01 | INFO | ML | Load dataset..............
2026-07-16 22:13:01 | INFO | ML | Loading dataset: mushrooms
2026-07-16 22:13:01 | INFO | ML | Loaded: 8124 rows, 23 columns
2026-07-16 22:13:01 | DEBUG | ML | 
  class cap_shape cap_surface cap_color bruises odor gill_attachment gill_spacing gill_size gill_color stalk_shape  \
0     p         x           s         n       t    p               f            c         n          k           e   
1     e         x           s         y       t    a               f            c         b          k           e   
2     e         b           s         w       t    l               f            c         b          n           e   
3     p         x           y         w       t    p               f            c         n          n           e   
4     e         x           s         g       f    n               f            w         b          k           t   

  stalk_root stalk_surface_above_ring stalk_surface_below_ring stalk_color_above_ring stalk_color_below_ring  \
0          e                        s                        s                      w                      w   
1          c                        s                        s                      w                      w   
2          c                        s                        s                      w                      w   
3          e                        s                        s                      w                      w   
4          e                        s                        s                      w                      w   

  veil_type veil_color ring_number ring_type spore_print_color population habitat  
0         p          w           o         p                 k          s       u  
1         p          w           o         p                 n          n       g  
2         p          w           o         p                 n          n       m  
3         p          w           o         p                 k          s       u  
4         p          w           o         e                 n          a       g  
2026-07-16 22:13:01 | INFO | ML | Inspect dataset...........
2026-07-16 22:13:01 | INFO | ML | Column names
2026-07-16 22:13:01 | DEBUG | ML | ['class', 'cap_shape', 'cap_surface', 'cap_color', 'bruises', 'odor', 'gill_attachment', 'gill_spacing', 'gill_size', 'gill_color', 'stalk_shape', 'stalk_root', 'stalk_surface_above_ring', 'stalk_surface_below_ring', 'stalk_color_above_ring', 'stalk_color_below_ring', 'veil_type', 'veil_color', 'ring_number', 'ring_type', 'spore_print_color', 'population', 'habitat']
2026-07-16 22:13:01 | INFO | ML | Dataset shape: 8124 rows, 23 columns
2026-07-16 22:13:01 | INFO | ML | Class balance:
class
e    4208
p    3916
Name: count, dtype: int64
2026-07-16 22:13:01 | INFO | ML | Check data quality........
2026-07-16 22:13:01 | INFO | ML | Missing values by column (as NaN)
2026-07-16 22:13:01 | DEBUG | ML | 
class                       0
cap_shape                   0
cap_surface                 0
cap_color                   0
bruises                     0
odor                        0
gill_attachment             0
gill_spacing                0
gill_size                   0
gill_color                  0
stalk_shape                 0
stalk_root                  0
stalk_surface_above_ring    0
stalk_surface_below_ring    0
stalk_color_above_ring      0
stalk_color_below_ring      0
veil_type                   0
veil_color                  0
ring_number                 0
ring_type                   0
spore_print_color           0
population                  0
habitat                     0
dtype: int64
2026-07-16 22:13:01 | INFO | ML | Cells coded '?' (missing): 2480
2026-07-16 22:13:01 | INFO | ML | Duplicate row count: 0
2026-07-16 22:13:01 | INFO | ML | Encode features...........
2026-07-16 22:13:01 | INFO | ML | Creating encoded modeling view
2026-07-16 22:13:01 | INFO | ML | Encoded view: 8124 rows, 22 features -> 117 one-hot columns
2026-07-16 22:13:01 | INFO | ML | Compare models (70/30 split)......
2026-07-16 22:13:01 | INFO | ML | ========================
2026-07-16 22:13:01 | INFO | ML | COMPARE MODELS: standard 70/30 split
2026-07-16 22:13:01 | INFO | ML | ========================
2026-07-16 22:13:01 | INFO | ML | Training rows: 5686, test rows: 2438
2026-07-16 22:13:01 | INFO | ML | --- Decision Tree ---
2026-07-16 22:13:01 | INFO | ML | Decision Tree accuracy: 1.0000
2026-07-16 22:13:01 | INFO | ML | Decision Tree confusion matrix (rows=true, cols=predicted)
2026-07-16 22:13:01 | INFO | ML | 
[[1263    0]
 [   0 1175]]
2026-07-16 22:13:01 | INFO | ML | Decision Tree classification report
2026-07-16 22:13:01 | INFO | ML | 
              precision    recall  f1-score   support

      edible       1.00      1.00      1.00      1263
   poisonous       1.00      1.00      1.00      1175

    accuracy                           1.00      2438
   macro avg       1.00      1.00      1.00      2438
weighted avg       1.00      1.00      1.00      2438

2026-07-16 22:13:01 | INFO | ML | --- Random Forest ---
2026-07-16 22:13:02 | INFO | ML | Random Forest accuracy: 1.0000
2026-07-16 22:13:02 | INFO | ML | Random Forest confusion matrix (rows=true, cols=predicted)
2026-07-16 22:13:02 | INFO | ML | 
[[1263    0]
 [   0 1175]]
2026-07-16 22:13:02 | INFO | ML | Random Forest classification report
2026-07-16 22:13:02 | INFO | ML | 
              precision    recall  f1-score   support

      edible       1.00      1.00      1.00      1263
   poisonous       1.00      1.00      1.00      1175

    accuracy                           1.00      2438
   macro avg       1.00      1.00      1.00      2438
weighted avg       1.00      1.00      1.00      2438

2026-07-16 22:13:02 | INFO | ML | Compare models (scarce training)..
2026-07-16 22:13:02 | INFO | ML | ========================
2026-07-16 22:13:02 | INFO | ML | COMPARE MODELS: scarce training data
2026-07-16 22:13:02 | INFO | ML | ========================
2026-07-16 22:13:02 | INFO | ML | Training rows: 40, test rows: 8084
2026-07-16 22:13:02 | INFO | ML | --- Decision Tree ---
2026-07-16 22:13:02 | INFO | ML | Decision Tree accuracy: 0.8921
2026-07-16 22:13:02 | INFO | ML | Decision Tree confusion matrix (rows=true, cols=predicted)
2026-07-16 22:13:02 | INFO | ML | 
[[3435  752]
 [ 120 3777]]
2026-07-16 22:13:02 | INFO | ML | Decision Tree classification report
2026-07-16 22:13:02 | INFO | ML | 
              precision    recall  f1-score   support

      edible       0.97      0.82      0.89      4187
   poisonous       0.83      0.97      0.90      3897

    accuracy                           0.89      8084
   macro avg       0.90      0.89      0.89      8084
weighted avg       0.90      0.89      0.89      8084

2026-07-16 22:13:02 | INFO | ML | --- Random Forest ---
2026-07-16 22:13:02 | INFO | ML | Random Forest accuracy: 0.9800
2026-07-16 22:13:02 | INFO | ML | Random Forest confusion matrix (rows=true, cols=predicted)
2026-07-16 22:13:02 | INFO | ML | 
[[4179    8]
 [ 154 3743]]
2026-07-16 22:13:02 | INFO | ML | Random Forest classification report
2026-07-16 22:13:02 | INFO | ML | 
              precision    recall  f1-score   support

      edible       0.96      1.00      0.98      4187
   poisonous       1.00      0.96      0.98      3897

    accuracy                           0.98      8084
   macro avg       0.98      0.98      0.98      8084
weighted avg       0.98      0.98      0.98      8084

2026-07-16 22:13:02 | INFO | ML | Predict one case..........
2026-07-16 22:13:02 | INFO | ML | Predicting one new case
2026-07-16 22:13:02 | INFO | ML | Predicted result for the sample mushroom: poisonous
2026-07-16 22:13:02 | INFO | ML | Create charts.............
2026-07-16 22:13:02 | INFO | ML | Creating chart: top 10 random forest feature importances
2026-07-16 22:13:02 | INFO | ML | Creating chart: accuracy comparison
2026-07-16 22:13:02 | INFO | ML | Summarize workflow........
2026-07-16 22:13:02 | INFO | ML | ========================
2026-07-16 22:13:02 | INFO | ML | SUMMARY
2026-07-16 22:13:02 | INFO | ML | ========================
2026-07-16 22:13:02 | INFO | ML | Dataset: mushrooms
2026-07-16 22:13:02 | INFO | ML | Rows: 8124
2026-07-16 22:13:02 | INFO | ML | Target: class (edible vs poisonous)
2026-07-16 22:13:02 | INFO | ML | 70/30 split      | Decision Tree: 1.0000
2026-07-16 22:13:02 | INFO | ML | 70/30 split      | Random Forest: 1.0000
2026-07-16 22:13:02 | INFO | ML | 40 training rows | Decision Tree: 0.8921
2026-07-16 22:13:02 | INFO | ML | 40 training rows | Random Forest: 0.9800
2026-07-16 22:13:02 | INFO | ML | ----- in a script, call plt.show() once at the end to display all charts -----
2026-07-16 22:13:02 | INFO | ML | ----- in a script, CLOSE the chart windows with the close button to CONTINUE -----
2026-07-16 22:13:02 | INFO | ML | Workflow complete
2026-07-16 22:13:02 | INFO | ML | IMPORTANT: This script creates chart windows.
2026-07-16 22:13:02 | INFO | ML | Close chart windows and terminate this process with CTRL+c as needed.
2026-07-16 22:13:02 | INFO | ML | ========================
2026-07-16 22:13:02 | INFO | ML | Executed successfully!
2026-07-16 22:13:02 | INFO | ML | ========================
2026-07-16 22:15:57 | INFO | ML | === RUN START ===
2026-07-16 22:15:57 | INFO | ML | project=ML
2026-07-16 22:15:57 | INFO | ML | repo_dir=ml-03-classification
2026-07-16 22:15:57 | INFO | ML | python=3.14.0
2026-07-16 22:15:57 | INFO | ML | os=Windows 11
2026-07-16 22:15:57 | INFO | ML | shell=powershell
2026-07-16 22:15:57 | INFO | ML | cwd=.
2026-07-16 22:15:57 | INFO | ML | github_actions=False
2026-07-16 22:15:57 | INFO | ML | Loading dataset: mushrooms
2026-07-16 22:15:57 | INFO | ML | Loaded: 8124 rows, 23 columns
2026-07-16 22:15:57 | DEBUG | ML | 
  class cap_shape cap_surface cap_color bruises odor gill_attachment gill_spacing gill_size gill_color stalk_shape  \
0     p         x           s         n       t    p               f            c         n          k           e   
1     e         x           s         y       t    a               f            c         b          k           e   
2     e         b           s         w       t    l               f            c         b          n           e   
3     p         x           y         w       t    p               f            c         n          n           e   
4     e         x           s         g       f    n               f            w         b          k           t   

  stalk_root stalk_surface_above_ring stalk_surface_below_ring stalk_color_above_ring stalk_color_below_ring  \
0          e                        s                        s                      w                      w   
1          c                        s                        s                      w                      w   
2          c                        s                        s                      w                      w   
3          e                        s                        s                      w                      w   
4          e                        s                        s                      w                      w   

  veil_type veil_color ring_number ring_type spore_print_color population habitat  
0         p          w           o         p                 k          s       u  
1         p          w           o         p                 n          n       g  
2         p          w           o         p                 n          n       m  
3         p          w           o         p                 k          s       u  
4         p          w           o         e                 n          a       g  
2026-07-16 22:15:57 | INFO | ML | Creating encoded modeling view
2026-07-16 22:15:57 | INFO | ML | Encoded view: 8124 rows, 22 features -> 117 one-hot columns
2026-07-16 22:15:57 | INFO | ML | ========================
2026-07-16 22:15:57 | INFO | ML | COMPARE MODELS: standard 70/30 split
2026-07-16 22:15:57 | INFO | ML | ========================
2026-07-16 22:15:57 | INFO | ML | Training rows: 5686, test rows: 2438
2026-07-16 22:15:57 | INFO | ML | --- Decision Tree ---
2026-07-16 22:15:57 | INFO | ML | Decision Tree accuracy: 1.0000
2026-07-16 22:15:57 | INFO | ML | Decision Tree confusion matrix (rows=true, cols=predicted)
2026-07-16 22:15:57 | INFO | ML | 
[[1263    0]
 [   0 1175]]
2026-07-16 22:15:57 | INFO | ML | Decision Tree classification report
2026-07-16 22:15:57 | INFO | ML | 
              precision    recall  f1-score   support

      edible       1.00      1.00      1.00      1263
   poisonous       1.00      1.00      1.00      1175

    accuracy                           1.00      2438
   macro avg       1.00      1.00      1.00      2438
weighted avg       1.00      1.00      1.00      2438

2026-07-16 22:15:57 | INFO | ML | --- Random Forest ---
2026-07-16 22:15:58 | INFO | ML | Random Forest accuracy: 1.0000
2026-07-16 22:15:58 | INFO | ML | Random Forest confusion matrix (rows=true, cols=predicted)
2026-07-16 22:15:58 | INFO | ML | 
[[1263    0]
 [   0 1175]]
2026-07-16 22:15:58 | INFO | ML | Random Forest classification report
2026-07-16 22:15:58 | INFO | ML | 
              precision    recall  f1-score   support

      edible       1.00      1.00      1.00      1263
   poisonous       1.00      1.00      1.00      1175

    accuracy                           1.00      2438
   macro avg       1.00      1.00      1.00      2438
weighted avg       1.00      1.00      1.00      2438

2026-07-16 22:15:58 | INFO | ML | ========================
2026-07-16 22:15:58 | INFO | ML | COMPARE MODELS: scarce training data
2026-07-16 22:15:58 | INFO | ML | ========================
2026-07-16 22:15:58 | INFO | ML | Training rows: 40, test rows: 8084
2026-07-16 22:15:58 | INFO | ML | --- Decision Tree ---
2026-07-16 22:15:58 | INFO | ML | Decision Tree accuracy: 0.8921
2026-07-16 22:15:58 | INFO | ML | Decision Tree confusion matrix (rows=true, cols=predicted)
2026-07-16 22:15:58 | INFO | ML | 
[[3435  752]
 [ 120 3777]]
2026-07-16 22:15:58 | INFO | ML | Decision Tree classification report
2026-07-16 22:15:58 | INFO | ML | 
              precision    recall  f1-score   support

      edible       0.97      0.82      0.89      4187
   poisonous       0.83      0.97      0.90      3897

    accuracy                           0.89      8084
   macro avg       0.90      0.89      0.89      8084
weighted avg       0.90      0.89      0.89      8084

2026-07-16 22:15:58 | INFO | ML | --- Random Forest ---
2026-07-16 22:15:58 | INFO | ML | Random Forest accuracy: 0.9800
2026-07-16 22:15:58 | INFO | ML | Random Forest confusion matrix (rows=true, cols=predicted)
2026-07-16 22:15:58 | INFO | ML | 
[[4179    8]
 [ 154 3743]]
2026-07-16 22:15:58 | INFO | ML | Random Forest classification report
2026-07-16 22:15:58 | INFO | ML | 
              precision    recall  f1-score   support

      edible       0.96      1.00      0.98      4187
   poisonous       1.00      0.96      0.98      3897

    accuracy                           0.98      8084
   macro avg       0.98      0.98      0.98      8084
weighted avg       0.98      0.98      0.98      8084

2026-07-16 22:15:58 | INFO | ML | Creating chart: top 10 random forest feature importances
2026-07-16 22:15:58 | INFO | ML | Creating chart: accuracy comparison
2026-07-16 22:18:02 | INFO | ML | === RUN START ===
2026-07-16 22:18:02 | INFO | ML | project=ML
2026-07-16 22:18:02 | INFO | ML | repo_dir=ml-03-classification
2026-07-16 22:18:02 | INFO | ML | python=3.14.0
2026-07-16 22:18:02 | INFO | ML | os=Windows 11
2026-07-16 22:18:02 | INFO | ML | shell=powershell
2026-07-16 22:18:02 | INFO | ML | cwd=.
2026-07-16 22:18:02 | INFO | ML | github_actions=False
2026-07-16 22:19:39 | INFO | ML | === RUN START ===
2026-07-16 22:19:39 | INFO | ML | project=ML
2026-07-16 22:19:39 | INFO | ML | repo_dir=ml-03-classification
2026-07-16 22:19:39 | INFO | ML | python=3.14.0
2026-07-16 22:19:39 | INFO | ML | os=Windows 11
2026-07-16 22:19:39 | INFO | ML | shell=powershell
2026-07-16 22:19:39 | INFO | ML | cwd=.
2026-07-16 22:19:39 | INFO | ML | github_actions=False
2026-07-16 22:22:26 | INFO | ML | === RUN START ===
2026-07-16 22:22:26 | INFO | ML | project=ML
2026-07-16 22:22:26 | INFO | ML | repo_dir=ml-03-classification
2026-07-16 22:22:26 | INFO | ML | python=3.14.0
2026-07-16 22:22:26 | INFO | ML | os=Windows 11
2026-07-16 22:22:26 | INFO | ML | shell=powershell
2026-07-16 22:22:26 | INFO | ML | cwd=.
2026-07-16 22:22:26 | INFO | ML | github_actions=False
2026-07-16 22:22:31 | INFO | ML | === RUN START ===
2026-07-16 22:22:31 | INFO | ML | project=ML
2026-07-16 22:22:31 | INFO | ML | repo_dir=ml-03-classification
2026-07-16 22:22:31 | INFO | ML | python=3.14.0
2026-07-16 22:22:31 | INFO | ML | os=Windows 11
2026-07-16 22:22:31 | INFO | ML | shell=powershell
2026-07-16 22:22:31 | INFO | ML | cwd=.
2026-07-16 22:22:31 | INFO | ML | github_actions=False
2026-07-16 22:22:31 | INFO | ML | === RUN START ===
2026-07-16 22:22:31 | INFO | ML | project=ML
2026-07-16 22:22:31 | INFO | ML | repo_dir=ml-03-classification
2026-07-16 22:22:31 | INFO | ML | python=3.14.0
2026-07-16 22:22:31 | INFO | ML | os=Windows 11
2026-07-16 22:22:31 | INFO | ML | shell=powershell
2026-07-16 22:22:31 | INFO | ML | cwd=.
2026-07-16 22:22:31 | INFO | ML | github_actions=False
2026-07-16 22:22:31 | INFO | ML | ========================
2026-07-16 22:22:31 | INFO | ML | START main()
2026-07-16 22:22:31 | INFO | ML | ========================
2026-07-16 22:22:31 | INFO | ML | Load dataset..............
2026-07-16 22:22:31 | INFO | ML | Loading dataset: mushrooms
2026-07-16 22:22:31 | INFO | ML | Loaded: 8124 rows, 23 columns
2026-07-16 22:22:31 | DEBUG | ML | 
  class cap_shape cap_surface cap_color bruises odor gill_attachment gill_spacing gill_size gill_color stalk_shape  \
0     p         x           s         n       t    p               f            c         n          k           e   
1     e         x           s         y       t    a               f            c         b          k           e   
2     e         b           s         w       t    l               f            c         b          n           e   
3     p         x           y         w       t    p               f            c         n          n           e   
4     e         x           s         g       f    n               f            w         b          k           t   

  stalk_root stalk_surface_above_ring stalk_surface_below_ring stalk_color_above_ring stalk_color_below_ring  \
0          e                        s                        s                      w                      w   
1          c                        s                        s                      w                      w   
2          c                        s                        s                      w                      w   
3          e                        s                        s                      w                      w   
4          e                        s                        s                      w                      w   

  veil_type veil_color ring_number ring_type spore_print_color population habitat  
0         p          w           o         p                 k          s       u  
1         p          w           o         p                 n          n       g  
2         p          w           o         p                 n          n       m  
3         p          w           o         p                 k          s       u  
4         p          w           o         e                 n          a       g  
2026-07-16 22:22:31 | INFO | ML | Inspect dataset...........
2026-07-16 22:22:31 | INFO | ML | Column names
2026-07-16 22:22:31 | DEBUG | ML | ['class', 'cap_shape', 'cap_surface', 'cap_color', 'bruises', 'odor', 'gill_attachment', 'gill_spacing', 'gill_size', 'gill_color', 'stalk_shape', 'stalk_root', 'stalk_surface_above_ring', 'stalk_surface_below_ring', 'stalk_color_above_ring', 'stalk_color_below_ring', 'veil_type', 'veil_color', 'ring_number', 'ring_type', 'spore_print_color', 'population', 'habitat']
2026-07-16 22:22:31 | INFO | ML | Dataset shape: 8124 rows, 23 columns
2026-07-16 22:22:31 | INFO | ML | Class balance:
class
e    4208
p    3916
Name: count, dtype: int64
2026-07-16 22:22:31 | INFO | ML | Check data quality........
2026-07-16 22:22:31 | INFO | ML | Missing values by column (as NaN)
2026-07-16 22:22:31 | DEBUG | ML | 
class                       0
cap_shape                   0
cap_surface                 0
cap_color                   0
bruises                     0
odor                        0
gill_attachment             0
gill_spacing                0
gill_size                   0
gill_color                  0
stalk_shape                 0
stalk_root                  0
stalk_surface_above_ring    0
stalk_surface_below_ring    0
stalk_color_above_ring      0
stalk_color_below_ring      0
veil_type                   0
veil_color                  0
ring_number                 0
ring_type                   0
spore_print_color           0
population                  0
habitat                     0
dtype: int64
2026-07-16 22:22:32 | INFO | ML | Cells coded '?' (missing): 2480
2026-07-16 22:22:32 | INFO | ML | Duplicate row count: 0
2026-07-16 22:22:32 | INFO | ML | Encode features...........
2026-07-16 22:22:32 | INFO | ML | Creating encoded modeling view
2026-07-16 22:22:32 | INFO | ML | Encoded view: 8124 rows, 22 features -> 117 one-hot columns
2026-07-16 22:22:32 | INFO | ML | Compare models (70/30 split)......
2026-07-16 22:22:32 | INFO | ML | ========================
2026-07-16 22:22:32 | INFO | ML | COMPARE MODELS: standard 70/30 split
2026-07-16 22:22:32 | INFO | ML | ========================
2026-07-16 22:22:32 | INFO | ML | Training rows: 5686, test rows: 2438
2026-07-16 22:22:32 | INFO | ML | --- Decision Tree ---
2026-07-16 22:22:32 | INFO | ML | Decision Tree accuracy: 1.0000
2026-07-16 22:22:32 | INFO | ML | Decision Tree confusion matrix (rows=true, cols=predicted)
2026-07-16 22:22:32 | INFO | ML | 
[[1263    0]
 [   0 1175]]
2026-07-16 22:22:32 | INFO | ML | Decision Tree classification report
2026-07-16 22:22:32 | INFO | ML | 
              precision    recall  f1-score   support

      edible       1.00      1.00      1.00      1263
   poisonous       1.00      1.00      1.00      1175

    accuracy                           1.00      2438
   macro avg       1.00      1.00      1.00      2438
weighted avg       1.00      1.00      1.00      2438

2026-07-16 22:22:32 | INFO | ML | --- Random Forest ---
2026-07-16 22:22:32 | INFO | ML | Random Forest accuracy: 1.0000
2026-07-16 22:22:32 | INFO | ML | Random Forest confusion matrix (rows=true, cols=predicted)
2026-07-16 22:22:32 | INFO | ML | 
[[1263    0]
 [   0 1175]]
2026-07-16 22:22:32 | INFO | ML | Random Forest classification report
2026-07-16 22:22:32 | INFO | ML | 
              precision    recall  f1-score   support

      edible       1.00      1.00      1.00      1263
   poisonous       1.00      1.00      1.00      1175

    accuracy                           1.00      2438
   macro avg       1.00      1.00      1.00      2438
weighted avg       1.00      1.00      1.00      2438

2026-07-16 22:22:32 | INFO | ML | Compare models (scarce training)..
2026-07-16 22:22:32 | INFO | ML | ========================
2026-07-16 22:22:32 | INFO | ML | COMPARE MODELS: scarce training data
2026-07-16 22:22:32 | INFO | ML | ========================
2026-07-16 22:22:32 | INFO | ML | Training rows: 40, test rows: 8084
2026-07-16 22:22:32 | INFO | ML | --- Decision Tree ---
2026-07-16 22:22:32 | INFO | ML | Decision Tree accuracy: 0.8921
2026-07-16 22:22:32 | INFO | ML | Decision Tree confusion matrix (rows=true, cols=predicted)
2026-07-16 22:22:32 | INFO | ML | 
[[3435  752]
 [ 120 3777]]
2026-07-16 22:22:32 | INFO | ML | Decision Tree classification report
2026-07-16 22:22:32 | INFO | ML | 
              precision    recall  f1-score   support

      edible       0.97      0.82      0.89      4187
   poisonous       0.83      0.97      0.90      3897

    accuracy                           0.89      8084
   macro avg       0.90      0.89      0.89      8084
weighted avg       0.90      0.89      0.89      8084

2026-07-16 22:22:32 | INFO | ML | --- Random Forest ---
2026-07-16 22:22:33 | INFO | ML | Random Forest accuracy: 0.9800
2026-07-16 22:22:33 | INFO | ML | Random Forest confusion matrix (rows=true, cols=predicted)
2026-07-16 22:22:33 | INFO | ML | 
[[4179    8]
 [ 154 3743]]
2026-07-16 22:22:33 | INFO | ML | Random Forest classification report
2026-07-16 22:22:33 | INFO | ML | 
              precision    recall  f1-score   support

      edible       0.96      1.00      0.98      4187
   poisonous       1.00      0.96      0.98      3897

    accuracy                           0.98      8084
   macro avg       0.98      0.98      0.98      8084
weighted avg       0.98      0.98      0.98      8084

2026-07-16 22:22:33 | INFO | ML | Predict one case..........
2026-07-16 22:22:33 | INFO | ML | Predicting one new case
2026-07-16 22:22:33 | INFO | ML | Predicted result for the sample mushroom: poisonous
2026-07-16 22:22:33 | INFO | ML | Create charts.............
2026-07-16 22:22:33 | INFO | ML | Creating chart: top 10 random forest feature importances
2026-07-16 22:22:33 | INFO | ML | Creating chart: accuracy comparison
2026-07-16 22:22:33 | INFO | ML | Summarize workflow........
2026-07-16 22:22:33 | INFO | ML | ========================
2026-07-16 22:22:33 | INFO | ML | SUMMARY
2026-07-16 22:22:33 | INFO | ML | ========================
2026-07-16 22:22:33 | INFO | ML | Dataset: mushrooms
2026-07-16 22:22:33 | INFO | ML | Rows: 8124
2026-07-16 22:22:33 | INFO | ML | Target: class (edible vs poisonous)
2026-07-16 22:22:33 | INFO | ML | 70/30 split      | Decision Tree: 1.0000
2026-07-16 22:22:33 | INFO | ML | 70/30 split      | Random Forest: 1.0000
2026-07-16 22:22:33 | INFO | ML | 40 training rows | Decision Tree: 0.8921
2026-07-16 22:22:33 | INFO | ML | 40 training rows | Random Forest: 0.9800
2026-07-16 22:22:33 | INFO | ML | ----- in a script, call plt.show() once at the end to display all charts -----
2026-07-16 22:22:33 | INFO | ML | ----- in a script, CLOSE the chart windows with the close button to CONTINUE -----
2026-07-16 22:22:33 | INFO | ML | Workflow complete
2026-07-16 22:22:33 | INFO | ML | IMPORTANT: This script creates chart windows.
2026-07-16 22:22:33 | INFO | ML | Close chart windows and terminate this process with CTRL+c as needed.
2026-07-16 22:22:33 | INFO | ML | ========================
2026-07-16 22:22:33 | INFO | ML | Executed successfully!
2026-07-16 22:22:33 | INFO | ML | ========================
